[   0.000000] Initializing cgroup subsys cpuset
[    0.000000] Initializing cgroup subsys cpu
[    0.000000] Initializing cgroup subsys cpuacct
[    0.000000] Linux version 4.4.0-134-generic (buildd@lgw01-amd64-033) (gcc version 5.4.0 20160609 (Ubuntu 5.4.0-6ubuntu1~16.04.10) ) #160-Ubuntu SMP Wed Aug 15 14::58:00UTC 2018 (Ubuntu 4.4.0-134.160-generic 4.4.140)
[    0.000000] Command line: BOOT_IMAGE=/boot/vmlinuz-4.4.0-134-generic root=UUID=86a66005-05be-4164-9f67-92db034d8e6b ro console=tty1 console=ttyS0
[    0.000000] KERNEL upported cpus:
[    0.000000]   Intel GenuineIntell
[    0.000000]   AMD AuthenticAMD
[    0.000000]   Centaur CentaurHauls
[    0.000000] x86/fpu: xstate_offset[2]:  576, xstate_sizes[2]:  256
[    0.000000] x86/fpu: Supporting XSAVE feature 0x01: 'x87 floating point registers'
[    0.000000] x86/fpu: Supporting XSAE feature 0x02: 'SSE registers'
[    0.000000] x86/fpu: Supporting XSAVE feature 0x04: 'AVX registers'
[    0.000000] x86/fpu: Enabled xstate features 0x7, context size is 832 bytes, using 'standard' format.
[    0.000000] e820: BIOS-provided physical RAM map:
[    0.000000] BIOS-e820: [mem 0x0000000000000000-0x000000000009fbff] usable
[    0.000000] BIOS-e820: [mem 0x000000000009fc00-0x000000000009ffff] reserved
[    0.000000] BIOS-e820: [mem 0x00000000000f0000-0x00000000000fff] reserved
[    0.000000] BIOS-e820: [mem 0x0000000000100000-0x000000003ffeffff] usable
[    0.000000] BIOS-e820: [mem 0x000000003fff0000-0xx000000003fffffff] ACPI data
[    0.000000] BIOS-e820: [mem 0x00000000fec00000-0x00000000fec00fff] reserved
[    0.000000] BIOS-e820: [mem 0x00000000fee00000-0x00000000fee00fff] reserved
[    0.000000] BIOS-e820: [mem 0x00000000fffc0000-0x00000000ffffffff] reserved
[    0.000000] NX (Execute Disable) protection: active
[    0.000000] SMBIOS 2.5 present.
[    0.000000] Hypervisor detected: KVM
[    0.000000] e820: last_pfn = 0x3fff0 max_arch_pfn = 0x400000000
[    0.000000] MTRR: Disabled
[    0.000000] x86/PAT: MTRRs disabled, skipping PAT initialization too.
[    0.000000] CPU MTRRs all blank - virtualized system.
[    0.000000] x86/PAT: Configuration [0-7]: WB  WT  UC- UC  WB  WT  UC- UC  
[    0.000000] found SMP MP-table at [mem 0x0009fff0-0x0009ffff] mapped at [ffff88000009fff0]
[    0.000000] Scanning 1 areas for low memory corruption
[    0.000000] RAMDISK: [mem 0x361ec000-0x370edfff]
[    0.000000] ACPI: Early table checksum verification disabled
[    0.000000] ACPI: RSDP 0x00000000000E0000 000024 (v02 VBOX  )
[    0.000000] ACPI: XSDT 0x000000003FFF0030 00003C (v01 VBOX   VBOXXSDT 00000001 ASL  00000061)
[    0.000000] ACPI: FACP 0x000000003FFF00F0 0000F4 (v04 VBOX   VBOXFACP 00000001 ASL  00000061)
[    0.000000] ACPI: DSDT 0x000000003FFF0470 0021FF (v02 VBOX   VBOXBIOS 00000002 INTL 20100528)
[    0.000000] ACPI: FACS 0x000000003FFF0200 000040
[    0.000000] ACPI: FACS 0x000000003FFF0200 000040
[    0.000000] ACPI: APIC 0x000000003FFF0240 00005C (v02 VBOX   VBOXAPIC 00000001 ASL  00000061)
[    0.000000] ACPI: SSDT 0x000000003FFF02A0 0001CC (v01 VBOX   VBOXCPUT 00000002 INTL 20100528)
[    0.000000] No NUMA configuration found
[    0.000000] Faking a node at [mem 0x0000000000000000-0x000000003ffeffff]
[    0.000000] NODE_DATA(0) llocated [mem 0x3ffeb000-0x3ffeffff]
[    0.000000] kvm-clock: Using msrs 4b564d01 and 4b564d00
[    0.000000] kvm-clock: cpu 0, msr 0:3ffe3001, primary cpu clock
[    0.000000] kvm-clock: using sched offset of 7440943428 cycles
[    0.000000] clocksource: kvm-clock: mask: 0xffffffffffffffff max_cycles: 0x1cd42e4dffb, max_idle_ns: 881590591483 ns
[    0.000000] Zone ranges:
[    0.000000]   DMA      [mem 0x0000000000001000-0x0000000000ffffff]
[    0.000000]   DMA32    [mem 0x0000000001000000-0x000000003ffeffff]
[    0.000000]   Normal   empty
[    0.000000]   Device   empty
[    0.000000] Movable zone start for each node
[    0.000000] Early memory node ranges
[    0.000000]   node   0: [mem 0x0000000000001000-0x000000000009efff]
[    0.000000]   node   0: [mem 0x0000000000100000-0x000000003ffeffff]
[    0.000000] Initmem setup node 0 [mem 0x0000000000001000-0x000000003ffeffff]
[    0.000000] ACPI: PM-Timer IO Port: 0x4008
[    0.000000] IOAPIC[0]: apic_id 2, version 32, address 0xfec00000, GSI 0-23
[    0.000000] ACPI: INT_SRC_OVR (bus 0 bus_irq 0 global_irq 2 dfl dfl)
[    0.000000] ACPI: INT_SRC_OVR (bus 0 bus_irq 9 global_irq 9 low level)
[    0.000000] Using ACPI (MADT) for SMP configuration information
[    0.000000] smpboot: Allowing 2 CPUs, 0 hotplug CPUs
[    0.000000] PM: Registered nosave memory: [mem 0x00000000-0x00000fff]
[    0.000000] PM: Registered nosave memory: [mem 0x0009f000-0x0009ffff]
[    0.000000] PM: Registered nosave memory: [mem 0x000a0000-0x000effff]
[    0.000000] PM: Registered nosave memory: [mem 0x000f0000-0x000ffff]
[    0.000000] e820: [mem 0x40000000-0xfebfffff] available for PCI devices
[    0.000000] Booting paravirtualized kernel on KVM
[    0.000000] clocksource: refined-jiffies: mask: 0xffffffff max_cycles: 0xffffffff, max_idle_ns: 7645519600211568 ns
[    0.000000] setup_percpu: NR_CPUS:512 nr_cpumask_bits:512 nr_cpu_ids:2 nr_node_ids:1
[    0.000000] PERCPU: Embedded 34 pages/cpu @ffff88003fc00000 s99544 r8192 d31528 u1048576
[    0.000000] PV qspinlock hash table entries: 256 (order: 0, 4096 bytes)
[    0.000000] Built 1 zonelists in Node order, mobility grouping on.  Total pages: 257912
[    0.000000] Policy zone: DMA32
[    0.000000] Kernel command line: BOOT_IMAGE=/boot/vmlinuz-4.4.0-134-generic root=UUID=86a66005-05be-4164-9f67-92db034d8e6b ro console=tty1 console=ttyS0
[    0.000000] PID hash table entries: 4096 (order: 3, 32768 bytes)
[    0.000000] Memory: 997148K/1048120K available (8554K kernel code, 1314K rwdata, 4004K rodata, 1516K init, 1316K bss, 50972K reserved, 0K cma-reserved)
[    0.000000] SLUB: HWalign=64, Order=0-3, MinObjects=0, CPUs=2, Nodes=1
[    0.000000] Kernel/User page tables isolation: enabled
[    0.000000] Hierarchical RCU implementation.
[    0.000000] 	Build-time adjustment of leaf fanout to 64.
[    0.000000] 	RCU restricting CPUs from NR_CPUS=512 to nr_cpu_ids=2.
[    0.000000] RCU: Adjusting geometry for rcu_fanout_leaf=64, nr_cpu_ids=2
[    0.000000] NR_IRQS:33024 nr_irqs:440 16
[    0.000000] Console: colour VGA+ 80x25
[    0.00000] console [tty1] enabled
[    0.00000] console [ttyS0] enabled
[   0.000000] tsc: Detected 1696.135 MHz processor
[    0.860290] Calibrating delay loop (skipped) preset value.. 3392.27 BogoMIPS (lpj=6784540)
[    0.866418] pid_max: default: 32768 minimum: 301
[    0.875118] ACPI: Core revision 20150930
[    0.878825] ACPI: 2 ACPI AML tables successfully acquired and loaded
[    0.882797] Security Framework initialized
[    0.884954] Yama: becoming mindful.
[    0.886981] AppArmor: AppArmor initialized
[    0.890111] Dentry cache hash table entries: 131072 (order: 8, 1048576 bytes)
[    0.896122] Inode-cache hash table entries: 65536 (order: 7, 524288 bytes)
[    0.899834] Mount-cache hash table entries: 2048 (order: 2, 16384 bytes)
[    0.903449] Mountpoint-cache hash table entries: 2048 (order: 2, 16384 bytes)
[    0.907244] Initializing cgroup subsys io
[    0.909417] Initializing cgroup subsys memory
[    0.911810] Initializing cgroup subsys devices
[    0.914213] Initializing cgroup subsys freezer
[    0.917665] Initializing cgroup subsys net_cls
[    0.919957] Initializing cgroup subsys perf_event
[    0.922730] Initializing cgroup subsys net_prio
[    0.925754] Initializing cgroup subsys hugetlb
[    0.928087] Initializing cgroup subsys pids
[    0.930883] mce: CPU supports 0 MCE banks
[    0.934280] Last level iTLB entries: 4KB 512, 2MB 8, 4MB 8
[    0.937743] Last level dTLB entries: 4KB 512, 2MB 32, 4MB 32, 1GB 0
[    0.940754] Spectre V2 : Mitigation: Full generic retpoline
[    0.943726] Spectre V2 : Speculation control IBPB not-supported IBRS not-supported
[    0.947468] Speculative Store Bypass: Vulnerable
[    0.953979] Freeing SMP alternatives memory: 32K
[    0.968533] ftrace: allocating 32266 entries in 127 pages
[    1.053389] smpboot: APIC(0) Converting physical 0 to logical package 0
[    1.056833] smpboot: Max logical packages: 1
[    1.059945] x2apic enabled
[    1.062133] Switched APIC routing to physical x2apic.
[    1.067723] ..TIMER: vector=0x30 apic1=0 pin1=2 apic2=-1 pin2=-1
[    1.176620] APIC calibration not consistent with PM-Timer: 98ms instead of 100ms
[    1.183154] APIC delta adjusted to PM-Timer: 6246106 (6183079)
[    1.186491] smpboot: CPU0: Intel(R) Core(TM) i5-3317U CPU @ 1.70GHz (family: 0x6, model: 0x3a, stepping: 0x9)
[    1.193059] Performance Events: unsupported p6 CPU model 58 no PMU driver, software events only.
[    1.197735] KVM setup paravirtual spinlock
[    1.200910] x86: Booting SMP configuration:
[    1.203676] .... node  #0, CPUs:      #1
[    1.207018] kvm-clock: cpu 1, msr 0:3ffe3041, secondary cpu clock
[    1.212246] mce: CPU supports 0 MCE banks
[    1.216638] x86: Booted up 1 node, 2 CPUs
[    1.221498] smpboot: Total of 2 processors activated (6784.54 BogoMIPS)
[    1.226355] devtmpfs: initialized
[    1.230138] evm: security.selinux
[    1.232323] evm: security.SMACK64
[    1.234210] evm: security.SMACK64EXEC
[    1.236443] evm: security.SMACK64TRANSMUTE
[    1.238555] evm: security.SMACK64MMAP
[    1.240521] evm: security.ima
[    1.242327] evm: security.capability
[    1.244717] clocksource: jiffies: mask: 0xffffffff max_cycles: 0xffffffff, max_idle_ns: 7645041785100000 ns
[    1.249567] futex hash table entries: 512 (order: 3, 32768 bytes)
[    1.253941] pinctrl core: initialized pinctrl subsystem
[    1.257416] RTC time: 16:13:39, date: 09/21/18
[    1.260204] NET: Registered protocol family 16
[    1.271114] cpuidle: using governor ladder
[    1.283932] cpuidle: using governor menu
[    1.286469] PCCT header not found.
[    1.288446] ACPI: bus type PCI registered
[    1.290467] acpiphp: ACPI Hot Plug PCI Controller Driver version: 0.5
[    1.294034] PCI: Using configuration type 1 for base access
[    1.308679] ACPI: Added _OSI(Module Device)
[    1.310897] ACPI: Added _OSI(Processor Device)
[    1.313170] ACPI: Added _OSI(3.0 _SCP Extensions)
[    1.315540] ACPI: Added _OSI(Processor Aggregator Device)
[    1.321995] ACPI: Executed 1 blocks of module-level executable AML code
[    1.328613] ACPI: Interpreter enabled
[    1.331087] ACPI: (supports S0 S5)
[    1.333496] ACPI: Using IOAPIC for interrupt routing
[    1.336175] PCI: Using host bridge windows from ACPI; if necessary, use "pci=nocrs" and report a bug
[    1.348610] ACPI: PCI Root Bridge [PCI0] (domain 0000 [bus 00-ff])
[    1.351757] acpi PNP0A03:00: _OSC: OS supports [ASPM ClockPM Segments MSI]
[    1.355215] acpi PNP0A03:00: _OSC: not requesting OS control; OS requires [ExtendedConfig ASPM ClockPM MSI]
[    1.366885] acpi PNP0A03:00: fail to add MMCONFIG information, can't access extended PCI configuration space under this bridge.
[    1.373550] PCI host bridge to bus 0000:00
[    1.375803] pci_bus 0000:00: root bus resource [io  0x0000-0x0cf7 window]
[    1.385860] pci_bus 0000:00: root bus resource [io  0x0d00-0xffff window]
[    1.391453] pci_bus 0000:00: root bus resource [mem 0x000a0000-0x000bffff window]
[    1.395463] pci_bus 0000:00: root bus resource [mem 0x40000000-0xfdffffff window]
[    1.401170] pci_bus 0000:00: root bus resource [bus 00-ff]
[    1.411466] pci 0000:00:01.1: legacy IDE quirk: reg 0x10: [io  0x01f0-0x01f7]
[    1.415305] pci 0000:00:01.1: legacy IDE quirk: reg 0x14: [io  0x03f6]
[    1.419627] pci 0000:00:01.1: legacy IDE quirk: reg 0x18: [io  0x0170-0x0177]
[    1.437354] pci 0000:00:01.1: legacy IDE quirk: reg 0x1c: [io  0x0376]
[    1.474041] pci 0000:00:07.0: quirk: [io  0x4000-0x403f] claimed by PIIX4 ACPI
[    1.478529] pci 0000:00:07.0: quirk: [io  0x4100-0x410f] claimed by PIIX4 SMB
[    1.504804] ACPI: PCI Interrupt Link [LNKA] (IRQs 5 9 10 *11)
[    1.509638] ACPI: PCI Interrupt Link [LNKB] (IRQs 5 9 *10 11)
[    1.514792] ACPI: PCI Interrupt Link [LNKC] (IRQs 5 *9 10 11)
[    1.519039] ACPI: PCI Interrupt Link [LNKD] (IRQs 5 9 10 *11)
[    1.524192] ACPI: Enabled 2 GPEs in block 00 to 07
[    1.527440] vgaarb: setting as boot device: PCI:0000:00:02.0
[    1.535732] vgaarb: device added: PCI:0000:00:02.0,decodes=io+mem,owns=io+mem,locks=none
[    1.540714] vgaarb: loaded
[    1.542377] vgaarb: bridge control possible 0000:00:02.0
[    1.545594] SCSI subsystem initialized
[    1.547987] ACPI: bus type USB registered
[    1.555762] usbcore: registered new interface driver usbfs
[    1.558872] usbcore: registered new interface driver hub
[    1.562190] usbcore: registered new device driver usb
[    1.568124] PCI: Using ACPI for IRQ routing
[    1.571180] NetLabel: Initializing
[    1.573187] NetLabel:  domain hash size = 128
[    1.575455] NetLabel:  protocols = UNLABELED CIPSOv4
[    1.579243] NetLabel:  unlabeled traffic allowed by default
[    1.583079] amd_nb: Cannot enumerate AMD northbridges
[    1.586297] clocksource: Switched to clocksource kvm-clock
[    1.603755] AppArmor: AppArmor Filesystem Enabled
[    1.607824] pnp: PnP ACPI init
[    1.611794] pnp: PnP ACPI: found 3 devices
[    1.629504] clocksource: acpi_pm: mask: 0xffffff max_cycles: 0xffffff, max_idle_ns: 2085701024 ns
[    1.634077] NET: Registered protocol family 2
[    1.636716] TCP established hash table entries: 8192 (order: 4, 65536 bytes)
[    1.640703] TCP bind hash table entries: 8192 (order: 5, 131072 bytes)
[    1.645207] TCP: Hash tables configured (established 8192 bind 8192)
[    1.650117] UDP hash table entries: 512 (order: 2, 16384 bytes)
[    1.653175] UDP-Lite hash table entries: 512 (order: 2, 16384 bytes)
[    1.656458] NET: Registered protocol family 1
[    1.658913] pci 0000:00:00.0: Limiting direct PCI/PCI transfers
[    1.661857] pci 0000:00:01.0: Activating ISA DMA hang workarounds
[    1.665297] Unpacking initramfs...
[    2.074989] Freeing initrd memory: 15368K
[    2.077353] RAPL PMU detected, API unit is 2^-32 Joules, 3 fixed counters 10737418240 ms ovfl timer
[    2.081916] hw unit of domain pp0-core 2^-0 Joules
[    2.089821] hw unit of domain package 2^-0 Joules
[    2.092466] hw unit of domain pp1-gpu 2^-0 Joules
[    2.095259] platform rtc_cmos: registered platform RTC device (no PNP device found)
[    2.099559] Scanning for low memory corruption every 60 seconds
[    2.103393] audit: initializing netlink subsys (disabled)
[    2.106172] audit: type=2000 audit(1537546428.870:1): initialized
[    2.109560] Initialise system trusted keyring
[    2.112357] HugeTLB registered 2 MB page size, pre-allocated 0 pages
[    2.117291] zbud: loaded
[    2.119766] VFS: Disk quotas dquot_6.6.0
[    2.121878] VFS: Dquot-cache hash table entries: 512 (order 0, 4096 bytes)
[    2.125704] squashfs: version 4.0 (2009/01/31) Phillip Lougher
[    2.129754] fuse init (API version 7.23)
[    2.132367] Key type big_key registered
[    2.134431] Allocating IMA MOK and blacklist keyrings.
[    2.139881] Key type asymmetric registered
[    2.141976] Asymmetric key parser 'x509' registered
[    2.144592] Block layer SCSI generic (bsg) driver version 0.4 loaded (major 249)
[    2.148900] io scheduler noop registered
[    2.151064] io scheduler deadline registered (default)
[    2.153753] io scheduler cfq registered
[    2.156014] pci_hotplug: PCI Hot Plug PCI Core version: 0.5
[    2.158740] pciehp: PCI Express Hot Plug Controller Driver version: 0.4
[    2.163014] ACPI: AC Adapter [AC] (on-line)
[    2.166403] input: Power Button as /devices/LNXSYSTM:00/LNXPWRBN:00/input/input0
[    2.170458] ACPI: Power Button [PWRF]
[    2.172564] input: Sleep Button as /devices/LNXSYSTM:00/LNXSLPBN:00/input/input1
[    2.176471] ACPI: Sleep Button [SLPF]
[    2.179117] GHES: HEST is not enabled!
[    2.181884] ACPI: Battery Slot [BAT0] (battery present)
[    2.190321] Serial: 8250/16550 driver, 32 ports, IRQ sharing enabled
[    2.228214] 00:02: ttyS0 at I/O 0x3f8 (irq = 4, base_baud = 115200) is a 16550A
[    2.237753] Linux agpgart interface v0.103
[    2.246544] loop: module loaded
[    2.249496] scsi host0: ata_piix
[    2.251963] scsi host1: ata_piix
[    2.253774] ata1: PATA max UDMA/33 cmd 0x1f0 ctl 0x3f6 bmdma 0xd000 irq 14
[    2.257593] ata2: PATA max UDMA/33 cmd 0x170 ctl 0x376 bmdma 0xd008 irq 15
[    2.261137] libphy: Fixed MDIO Bus: probed
[    2.263884] tun: Universal TUN/TAP device driver, 1.6
[    2.267489] tun: (C) 1999-2004 Max Krasnyansky <maxk@qualcomm.com>
[    2.270744] PPP generic driver version 2.4.2
[    2.273326] ehci_hcd: USB 2.0 'Enhanced' Host Controller (EHCI) Driver
[    2.276667] ehci-pci: EHCI PCI platform driver
[    2.279560] ehci-platform: EHCI generic platform driver
[    2.282131] ohci_hcd: USB 1.1 'Open' Host Controller (OHCI) Driver
[    2.285170] ohci-pci: OHCI PCI platform driver
[    2.287657] ohci-platform: OHCI generic platform driver
[    2.291117] uhci_hcd: USB Universal Host Controller Interface driver
[    2.294305] i8042: PNP: PS/2 Controller [PNP0303:PS2K,PNP0f03:PS2M] at 0x60,0x64 irq 1,12
[    2.299350] serio: i8042 KBD port at 0x60,0x64 irq 1
[    2.302705] serio: i8042 AUX port at 0x60,0x64 irq 12
[    2.308975] mousedev: PS/2 mouse device common for all mice
[    2.314502] input: AT Translated Set 2 keyboard as /devices/platform/i8042/serio0/input/input2
[    2.314984] rtc_cmos rtc_cmos: rtc core: registered rtc_cmos as rtc0
[    2.315062] rtc_cmos rtc_cmos: alarms up to one day, 114 bytes nvram
[    2.315071] i2c /dev entries driver
[    2.315147] device-mapper: uevent: version 1.0.3
[    2.315218] device-mapper: ioctl: 4.34.0-ioctl (2015-10-28) initialised: dm-devel@redhat.com
[    2.315244] ledtrig-cpu: registered to indicate activity on CPUs
[    2.315641] NET: Registered protocol family 10
[    2.315835] NET: Registered protocol family 17
[    2.315848] Key type dns_resolver registered
[    2.316170] registered taskstats version 1
[    2.316186] Loading compiled-in X.509 certificates
[    2.317064] Loaded X.509 cert 'Build time autogenerated kernel key: 4eb3d024ac16f76c1747ffd474694c84db21038b'
[    2.317089] zswap: loaded using pool lzo/zbud
[    2.319611] Key type trusted registered
[    2.323833] Key type encrypted registered
[    2.323843] AppArmor: AppArmor sha1 policy hashing enabled
[    2.323846] ima: No TPM chip found, activating TPM-bypass!
[    2.323852] ima: Allocated hash algorithm: sha1
[    2.323873] evm: HMAC attrs: 0x1
[    2.324659]   Magic number: 2:462:237
[    2.326661] rtc_cmos rtc_cmos: setting system clock to 2018-09-21 16:13:40 UTC (1537546420)
[    2.326803] BIOS EDD facility v0.16 2004-Jun-25, 0 devices found
[    2.326804] EDD information not available.
[    2.416624] Freeing unused kernel memory: 1516K
[    2.419229] Write protecting the kernel read-only data: 14336k
[    2.439245] Freeing unused kernel memory: 1672K
[    2.441930] Freeing unused kernel memory: 92K
Loading, please wait...
starting version 229
[    2.467695] random: systemd-udevd: uninitialized urandom read (16 bytes read, 3 bits of entropy available)
[    2.469140] random: udevadm: uninitialized urandom read (16 bytes read, 3 bits of entropy available)
[    2.469187] random: udevadm: uninitialized urandom read (16 bytes read, 3 bits of entropy available)
[    2.482198] random: systemd-udevd: uninitialized urandom read (16 bytes read, 3 bits of entropy available)
[    2.487379] random: systemd-udevd: uninitialized urandom read (16 bytes read, 3 bits of entropy available)
[    2.490243] random: udevadm: uninitialized urandom read (16 bytes read, 3 bits of entropy available)
[    2.490305] random: udevadm: uninitialized urandom read (16 bytes read, 3 bits of entropy available)
[    2.490590] random: udevadm: uninitialized urandom read (16 bytes read, 3 bits of entropy available)
[    2.490668] random: udevadm: uninitialized urandom read (16 bytes read, 3 bits of entropy available)
[    2.490923] random: udevadm: uninitialized urandom read (16 bytes read, 3 bits of entropy available)
[    2.561883] e1000: Intel(R) PRO/1000 Network Driver - version 7.3.21-k8-NAPI
[    2.565620] e1000: Copyright (c) 1999-2006 Intel Corporation.
[    2.574141] Fusion MPT base driver 3.04.20
[    2.584796] Copyright (c) 1999-2008 LSI Corporation
[    2.595915] Fusion MPT SPI Host driver 3.04.20
[    2.638776] AVX version of gcm_enc/dec engaged.
[    2.647115] AES CTR mode by8 optimization enabled
[    2.796464] input: ImExPS/2 Generic Explorer Mouse as /devices/platform/i8042/serio1/input/input4
[    3.094518] tsc: Refined TSC clocksource calibration: 1696.288 MHz
[    3.178599] clocksource: tsc: mask: 0xffffffffffffffff max_cycles: 0x1873749fe79, max_idle_ns: 440795217464 ns
[    3.218450] e1000 0000:00:03.0 eth0: (PCI:33MHz:32-bit) 02:54:ad:ea:60:2e
[    3.218461] e1000 0000:00:03.0 eth0: Intel(R) PRO/1000 Network Connection
[    3.221312] mptbase: ioc0: Initiating bringup
[    3.327361] ioc0: LSI53C1030 A0: Capabilities={Initiator}
[    3.511204] scsi host2: ioc0: LSI53C1030 A0, FwRev=00000000h, Ports=1, MaxQ=256, IRQ=20
[    3.632555] scsi 2:0:0:0: Direct-Access     VBOX     HARDDISK         1.0  PQ: 0 ANSI: 5
[    3.656805] scsi target2:0:0: Beginning Domain Validation
[    3.662828] scsi target2:0:0: Domain Validation skipping write tests
[    3.667604] scsi target2:0:0: Ending Domain Validation
[    3.678216] scsi target2:0:0: asynchronous
[    3.710298] scsi 2:0:1:0: Direct-Access     VBOX     HARDDISK         1.0  PQ: 0 ANSI: 5
[    3.722436] scsi target2:0:1: Beginning Domain Validation
[    3.739369] scsi target2:0:1: Domain Validation skipping write tests
[    3.751290] scsi target2:0:1: Ending Domain Validation
[    3.766877] scsi target2:0:1: asynchronous
[    3.787754] sd 2:0:0:0: Attached scsi generic sg0 type 0
[    3.792637] sd 2:0:0:0: [sda] 20971520 512-byte logical blocks: (10.7 GB/10.0 GiB)
[    3.811998] sd 2:0:1:0: [sdb] 20480 512-byte logical blocks: (10.5 MB/10.0 MiB)
[    3.823369] sd 2:0:1:0: Attached scsi generic sg1 type 0
[    3.862807] sd 2:0:0:0: [sda] Write Protect is off
[    3.866670] sd 2:0:1:0: [sdb] Write Protect is off
[    3.870886] sd 2:0:1:0: [sdb] Incomplete mode parameter data
[    3.881684] sd 2:0:1:0: [sdb] Assuming drive cache: write through
[    3.898162] sd 2:0:0:0: [sda] Incomplete mode parameter data
[    3.913326] sd 2:0:0:0: [sda] Assuming drive cache: write through
[    3.922534]  sda: sda1
[    3.927719] sd 2:0:0:0: [sda] Attached SCSI disk
[    3.942304] sd 2:0:1:0: [sdb] Attached SCSI disk
[    4.339403] e1000 0000:00:08.0 eth1: (PCI:33MHz:32-bit) 08:00:27:6b:3e:75
[    4.354277] e1000 0000:00:08.0 eth1: Intel(R) PRO/1000 Network Connection
[    4.369206] e1000 0000:00:08.0 enp0s8: renamed from eth1
[    4.387159] e1000 0000:00:03.0 enp0s3: renamed from eth0
Begin: Loading essential drivers ... [    5.962374] md: linear personality registered for level -1
[    5.969217] md: multipath personality registered for level -4
[    5.977450] md: raid0 personality registered for level 0
[    5.985117] md: raid1 personality registered for level 1
[    6.062570] raid6: sse2x1   gen()  5935 MB/s
[    6.130555] raid6: sse2x1   xor()  4817 MB/s
[    6.211085] raid6: sse2x2   gen()  5482 MB/s
[    6.286372] raid6: sse2x2   xor()  3746 MB/s
[    6.354436] raid6: sse2x4   gen()  6725 MB/s
[    6.434482] raid6: sse2x4   xor()  4743 MB/s
[    6.491840] raid6: using algorithm sse2x4 gen() 6725 MB/s
[    6.497682] raid6: .... xor() 4743 MB/s, rmw enabled
[    6.578289] raid6: using ssse3x2 recovery algorithm
[    6.585209] xor: automatically using best checksumming function:
[    6.630948]    avx       : 13707.000 MB/sec
[    6.637190] async_tx: api initialized (async)
[    6.665926] md: raid6 personality registered for level 6
[    6.672283] md: raid5 personality registered for level 5
[    6.675504] md: raid4 personality registered for level 4
[    6.689406] md: raid10 personality registered for level 10
done.
Begin: Running /scripts/init-premount ... done.
Begin: Mounting root file system ... Begin: Running /scripts/local-top ... done.
Begin: Running /scripts/local-premount ... [    6.747662] Btrfs loaded
Scanning for Btrfs filesystems
done.
Warning: fsck not present, so skipping root file system
[    6.835537] EXT4-fs (sda1): mounted filesystem with ordered data mode. Opts: (null)
done.
Begin: Running /scripts/local-bottom ... done.
Begin: Running /scripts/init-bottom ... done.
[    7.138080] systemd[1]: systemd 229 running in system mode. (+PAM +AUDIT +SELINUX +IMA +APPARMOR +SMACK +SYSVINIT +UTMP +LIBCRYPTSETUP +GCRYPT +GNUTLS +ACL +XZ -LZ4 +SECCOMP +BLKID +ELFUTILS +KMOD -IDN)
[    7.155366] systemd[1]: Detected virtualization oracle.
[    7.158960] systemd[1]: Detected architecture x86-64.

Welcome to [1mUbuntu 16.04.5 LTS[0m!

[    7.171692] systemd[1]: Set hostname to <xsolla-summer-school-2018>.
[    7.452992] systemd[1]: Reached target User and Group Name Lookups.
[[0;32m  OK  [0m] Reached target User and Group Name Lookups.
[    7.463339] systemd[1]: Set up automount Arbitrary Executable File Formats File System Automount Point.
[[0;32m  OK  [0m] Set up automount Arbitrary Executab...ats File System Automount Point.
[    7.473737] systemd[1]: Created slice System Slice.
[[0;32m  OK  [0m] Created slice System Slice.
[    7.480001] systemd[1]: Started Forward Password Requests to Wall Directory Watch.
[[0;32m  OK  [0m] Started Forward Password Requests to Wall Directory Watch.
[    7.489441] systemd[1]: Listening on /dev/initctl Compatibility Named Pipe.
[[0;32m  OK  [0m] Listening on /dev/initctl Compatibility Named Pipe.
[    7.506533] systemd[1]: Created slice User and Session Slice.
[[0;32m  OK  [0m] Created slice User and Session Slice.
[    7.512994] systemd[1]: Reached target Slices.
[[0;32m  OK  [0m] Reached target Slices.
[    7.518281] systemd[1]: Listening on Journal Socket.
[[0;32m  OK  [0m] Listening on Journal Socket.
[    7.535444] systemd[1]: Starting Uncomplicated firewall...
         Starting Uncomplicated firewall...
[    7.547999] systemd[1]: Starting Set console keymap...
         Starting Set console keymap...
[    7.563458] systemd[1]: Listening on LVM2 poll daemon socket.
[[0;32m  OK  [0m] Listening on LVM2 poll daemon socket.
[    7.590187] systemd[1]: Created slice system-serial\x2dgetty.slice.
[[0;32m  OK  [0m] Created slice system-serial\x2dgetty.slice.
[    7.601702] systemd[1]: Listening on udev Control Socket.
[[0;32m  OK  [0m] Listening on udev Control Socket.
[    7.612684] systemd[1]: Listening on Journal Socket (/dev/log).
[[0;32m  OK  [0m] Listening on Journal Socket (/dev/log).
[    7.634929] systemd[1]: Starting Create list of required static device nodes for the current kernel...
         Starting Create list of required st... nodes for the current kernel...
[    7.654023] systemd[1]: Reached target System Time Synchronized.
[[0;32m  OK  [0m] Reached target System Time Synchronized.
[    7.664504] systemd[1]: Listening on Journal Audit Socket.
[[0;32m  OK  [0m] Listening on Journal Audit Socket.
[    7.670688] systemd[1]: Listening on LVM2 metadata daemon socket.
[[0;32m  OK  [0m] Listening on LVM2 metadata daemon socket.
[    7.691198] systemd[1]: Mounting Debug File System...
         Mounting Debug File System...
[    7.698798] systemd[1]: Listening on Syslog Socket.
[[0;32m  OK  [0m] Listening on Syslog Socket.
[    7.705569] systemd[1]: Starting Journal Service...
         Starting Journal Service...
[    7.712590] systemd[1]: Reached target Swap.
[[0;32m  OK  [0m] Reached target Swap.
[    7.735273] systemd[1]: Starting Load Kernel Modules...
         Starting Load Kernel Modules...
[    7.747963] systemd[1]: Mounting POSIX Message Queue File System...
         Mounting POSIX Message Queue File System...
[    7.762682] Loading iSCSI transport class v2.0-870.
[    7.762804] systemd[1]: Listening on udev Kernel Socket.
[[0;32m  OK  [0m] Listening on udev Kernel Socket.
[    7.782137] iscsi: registered transport (tcp)
[    7.786546] systemd[1]: Starting Nameserver information manager...
         Starting Nameserver information manager...
[    7.802366] systemd[1]: Started Trigger resolvconf update for networkd DNS.
[[0;32m  OK  [0m] Started Trigger resolvconf update for networkd DNS.
[    7.811864] systemd[1]: Mounting Huge Pages File System...
         Mounting Huge Pages File System...
[    7.819186] systemd[1]: Reached target Encrypted Volumes.
[[0;32m  OK  [0m] Reached target Encrypted Volumes.
[    7.828937] systemd[1]: Starting Remount Root and Kernel File Systems...
         Starting Remount Root and Kernel File Systems...
[    7.837462] systemd[1]: Listening on Device-mapper event daemon FIFOs.
[[0;32m  OK  [0m] Listening on [    7.846372] EXT4-fs (sda1): re-mounted. Opts: (null)
Device-mapper event daemon FIFOs.
[    7.862676] systemd[1]: Starting Monitoring of LVM2 mirrors, snapshots etc. using dmeventd or progress polling...
[    7.875388] iscsi: registered transport (iser)
         Starting Monitoring of LVM2 mirrors... dmeventd or progress polling...
[    7.886291] systemd[1]: Mounted Debug File System.
[[0;32m  OK  [0m] Mounted Debug File System.
[    7.900590] systemd[1]: Mounted POSIX Message Queue File System.
[[0;32m  OK  [0m] Mounted POSIX Message Queue File System.
[    7.918226] systemd[1]: Mounted Huge Pages File System.
[[0;32m  OK  [0m] Mounted Huge Pages File System.
[    7.924828] systemd[1]: Started Journal Service.
[[0;32m  OK  [0m] Started Journal Service.
[[0;32m  OK  [0m] Started Uncomplicated firewall.
[[0;32m  OK  [0m] Started Set console keymap.
[[0;32m  OK  [0m] Started Create list of required sta...ce nodes for the current kernel.
[[0;32m  OK  [0m] Started Load Kernel Modules.
[[0;32m  OK  [0m] Started Remount Root and Kernel File Systems.
[[0;32m  OK  [0m] Started Nameserver information manager.
[[0;32m  OK  [0m] Started LVM2 metadata daemon.
[    8.162605] random: nonblocking pool is initialized
         Starting Load/Save Random Seed...
         Starting udev Coldplug all Devices...
         Starting Apply Kernel Variables...
         Mounting FUSE Control File System...
         Starting Create Static Device Nodes in /dev...
         Starting Flush Journal to Persistent Storage...
[[0;32m  OK  [0m] Mounted FUSE Control File System.
[[0;32m  OK  [0m] Started Load/Save Random Seed.
[[0;32m  OK  [0m] Started Apply Kernel Variables.
[[0;32m  OK  [0m] Started Create Static Device Nodes in /dev.
[[0;32m  OK  [0m] Started Flush Journal to Persistent Storage.
[[0;32m  OK  [0m] Started udev Coldplug all Devices.
         Starting udev Kernel Device Manager...
[[0;32m  OK  [0m] Started udev Kernel Device Manager.
[[0;32m  OK  [0m] Started Dispatch Password Requests to Console Directory Watch.
[[0;32m  OK  [0m] Started Monitoring of LVM2 mirrors,...ng dmeventd or progress polling.
[[0;32m  OK  [0m] Reached target Local File Systems (Pre).
[[0;32m  OK  [0m] Reached target Local File Systems.
         Starting Tell Plymouth To Write Out Runtime Data...
         Starting Initial cloud-init job (pre-networking)...
         Starting LSB: AppArmor initialization...
         Starting Create Volatile Files and Directories...
         Starting Set console font and keymap...
[[0;32m  OK  [0m] Started Tell Plymouth To Write Out Runtime Data.
[[0;32m  OK  [0m] Started Create Volatile Files and Directories.
         Starting Update UTMP about System Boot/Shutdown...
[[0;32m  OK  [0m] Found device /dev/ttyS0.
[[0;32m  OK  [0m] Started Update UTMP about System Boot/Shutdown.
[[0;32m  OK  [0m] Listening on Load/Save RF Kill Switch Status /dev/rfkill Watch.
[[0;32m  OK  [0m] Started LSB: AppArmor initialization.
[[0;32m  OK  [0m] Found device 82540EM Gigabit Ethern...r (PRO/1000 MT Desktop Adapter).
[[0;32m  OK  [0m] Found device 82540EM Gigabit Ethern...r (PRO/1000 MT Desktop Adapter).
[    9.573181] cloud-init[491]: Cloud-init v. 18.3-9-g2e62cb8a-0ubuntu1~16.04.2 running 'init-local' at Fri, 21 Sep 2018 16:13:48 +0000. Up 9.04 seconds.
[[0;32m  OK  [0m] Started Initial cloud-init job (pre-networking).
[[0;32m  OK  [0m] Started Set console font and keymap.
[[0;32m  OK  [0m] Created slice system-getty.slice.
[[0;32m  OK  [0m] Reached target Network (Pre).
[[0;32m  OK  [0m] Started ifup for enp0s8.
[[0;32m  OK  [0m] Started ifup for enp0s3.
         Starting Raise network interfaces...
[[0;32m  OK  [0m] Started Raise network interfaces.
         Starting Initial cloud-init job (metadata service crawler)...
[[0;32m  OK  [0m] Reached target Network.
[   10.995282] cloud-init[1054]: Cloud-init v. 18.3-9-g2e62cb8a-0ubuntu1~16.04.2 running 'init' at Fri, 21 Sep 2018 16:13:49 +0000. Up 10.44 seconds.
[   11.003054] cloud-init[1054]: ci-info: ++++++++++++++++++++++++++++++++++++++Net device info+++++++++++++++++++++++++++++++++++++++
[   11.009507] cloud-init[1054]: ci-info: +--------+------+-----------------------------+---------------+--------+-------------------+
[   11.016154] cloud-init[1054]: ci-info: | Device |  Up  |           Address           |      Mask     | Scope  |     Hw-Address    |
[   11.022999] cloud-init[1054]: ci-info: +--------+------+-----------------------------+---------------+--------+-------------------+
[   11.030437] cloud-init[1054]: ci-info: | enp0s3 | True |          10.0.2.15          | 255.255.255.0 | global | 02:54:ad:ea:60:2e |
[   11.037508] cloud-init[1054]: ci-info: | enp0s3 | True |  fe80::54:adff:feea:602e/64 |       .       |  link  | 02:54:ad:ea:60:2e |
[   11.043955] cloud-init[1054]: ci-info: | enp0s8 | True |       192.168.100.123       | 255.255.255.0 | global | 08:00:27:6b:3e:75 |
[   11.051246] cloud-init[1054]: ci-info: | enp0s8 | True | fe80::a00:27ff:fe6b:3e75/64 |       .       |  link  | 08:00:27:6b:3e:75 |
[   11.059484] cloud-init[1054]: ci-info: |   lo   | True |          127.0.0.1          |   255.0.0.0   |  host  |         .         |
[   11.065782] cloud-init[1054]: ci-info: |   lo   | True |           ::1/128           |       .       |  host  |         .         |
[   11.072257] cloud-init[1054]: ci-info: +--------+------+-----------------------------+---------------+--------+-------------------+
[   11.079276] cloud-init[1054]: ci-info: ++++++++++++++++++++++++++++Route IPv4 info+++++++++++++++++++++++++++++
[   11.085433] cloud-init[1054]: ci-info: +-------+---------------+----------+---------------+-----------+-------+
[   11.091281] cloud-init[1054]: ci-info: | Route |  Destination  | Gateway  |    Genmask    | Interface | Flags |
[   11.096988] cloud-init[1054]: ci-info: +-------+---------------+----------+---------------+-----------+-------+
[   11.103341] cloud-init[1054]: ci-info: |   0   |    0.0.0.0    | 10.0.2.2 |    0.0.0.0    |   enp0s3  |   UG  |
[   11.109766] cloud-init[1054]: ci-info: |   1   |    10.0.2.0   | 0.0.0.0  | 255.255.255.0 |   enp0s3  |   U   |
[   11.115230] cloud-init[1054]: ci-info: |   2   | 192.168.100.0 | 0.0.0.0  | 255.255.255.0 |   enp0s8  |   U   |
[   11.120943] cloud-init[1054]: ci-info: +-------+---------------+----------+---------------+-----------+-------+
[   11.126361] cloud-init[1054]: ci-info: +++++++++++++++++++Route IPv6 info+++++++++++++++++++
[   11.131499] cloud-init[1054]: ci-info: +-------+-------------+---------+-----------+-------+
[   11.136901] cloud-init[1054]: ci-info: | Route | Destination | Gateway | Interface | Flags |
[   11.142366] cloud-init[1054]: ci-info: +-------+-------------+---------+-----------+-------+
[   11.147215] cloud-init[1054]: ci-info: |   0   |  fe80::/64  |    ::   |   enp0s8  |   U   |
[   11.152288] cloud-init[1054]: ci-info: |   1   |  fe80::/64  |    ::   |   enp0s3  |   U   |
[   11.157176] cloud-init[1054]: ci-info: |   4   |   ff00::/8  |    ::   |   enp0s8  |   U   |
[   11.161984] cloud-init[1054]: ci-info: |   5   |   ff00::/8  |    ::   |   enp0s3  |   U   |
[   11.166978] cloud-init[1054]: ci-info: +-------+-------------+---------+-----------+-------+
[[0;32m  OK  [0m] Started Initial cloud-init job (metadata service crawler).
[[0;32m  OK  [0m] Reached target System Initialization.
         Starting Socket activation for snappy daemon.
[[0;32m  OK  [0m] Started ACPI Events Check.
[[0;32m  OK  [0m] Reached target Paths.
[[0;32m  OK  [0m] Started Clean PHP session files every 30 mins.
         Starting LXD - unix socket.
[[0;32m  OK  [0m] Listening on D-Bus System Message Bus Socket.
[[0;32m  OK  [0m] Listening on UUID daemon activation socket.
[[0;32m  OK  [0m] Started Daily apt download activities.
[[0;32m  OK  [0m] Started Daily Cleanup of Temporary Directories.
[[0;32m  OK  [0m] Started Daily apt upgrade and clean activities.
[[0;32m  OK  [0m] Reached target Timers.
[[0;32m  OK  [0m] Listening on ACPID Listen Socket.
[[0;32m  OK  [0m] Reached target Network is Online.
         Starting iSCSI initiator daemon (iscsid)...
[[0;32m  OK  [0m] Reached target Cloud-config availability.
[[0;32m  OK  [0m] Listening on Socket activation for snappy daemon.
[[0;32m  OK  [0m] Listening on LXD - unix socket.
[[0;32m  OK  [0m] Started iSCSI initiator daemon (iscsid).
         Starting Login to default iSCSI targets...
[[0;32m  OK  [0m] Reached target Sockets.
[[0;32m  OK  [0m] Reached target Basic System.
[[0;32m  OK  [0m] Started Deferred execution scheduler.
         Starting LSB: Record successful boot for GRUB...
[[0;32m  OK  [0m] Started FUSE filesystem for LXC.
         Starting MySQL Community Server...
         Starting Login Service...
         Starting System Logging Service...
[[0;32m  OK  [0m] Started Unattended Upgrades Shutdown.
         Starting /etc/rc.local Compatibility...
         Starting Accounts Service...
         Starting Clean php session files...
         Starting OpenBSD Secure Shell server...
[[0;32m  OK  [0m] Started ACPI event daemon.
[[0;32m  OK  [0m] Started Regular background program processing daemon.
         Starting LXD - container startup/shutdown...
         Starting Virtualbox guest utils...
[[0;32m  OK  [0m] Started D-Bus System Message Bus.
         Starting LSB: MD monitoring daemon...
         Starting Snappy daemon...
[[0;32m  OK  [0m] Started System Logging Service.
[[0;32m  OK  [0m] Started OpenBSD Secure Shell server.
[[0;32m  OK  [0m] Started /etc/rc.local Compatibility.
[[0;32m  OK  [0m] Started Login to default iSCSI targets.
[[0;32m  OK  [0m] Started LSB: Record successful boot for GRUB.
[[0;32m  OK  [0m] Started LXD - container startup/shutdown.
[[0;32m  OK  [0m] Started Login Service.
[[0;32m  OK  [0m] Started LSB: MD monitoring daemon.
         Starting Authenticate and Authorize Users to Run Privileged Tasks...
[[0;32m  OK  [0m] Reached target Remote File Systems (Pre).
[[0;32m  OK  [0m] Reached target Remote File Systems.
         Starting LSB: automatic crash report generation...
         Starting Permit User Sessions...
         Starting LSB: Apache2 web server...
         Starting LSB: daemon to balance interrupts for SMP systems...
         Starting LSB: Set the CPU Frequency Scaling governor to "ondemand"...
[[0;32m  OK  [0m] Started Snappy daemon.
[[0;32m  OK  [0m] Started Virtualbox guest utils.
[[0;32m  OK  [0m] Started Permit User Sessions.
[[0;32m  OK  [0m] Started Authenticate and Authorize Users to Run Privileged Tasks.
[[0;32m  OK  [0m] Started Accounts Service.
         Starting Terminate Plymouth Boot Screen...
         Starting Hold until boot process finishes up...
         Starting Wait until snapd is fully seeded...
[[0;32m  OK  [0m] Started LSB: Set the CPU Frequency Scaling governor to "ondemand".
[[0;32m  OK  [0m] Started Hold until boot process finishes up.
[[0;32m  OK  [0m] Started Terminate Plymouth Boot Screen.
[[0;32m  OK  [0m] Started Getty on tty1.
         Starting Set console scheme...
[[0;32m  OK  [0m] Started Serial Getty on ttyS0.
[[0;32m  OK  [0m] Reached target Login Prompts.
[[0;32m  OK  [0m] Started LSB: automatic crash report generation.
[[0;32m  OK  [0m] Started LSB: daemon to balance interrupts for SMP systems.
[[0;32m  OK  [0m] Started Set console scheme.
[[0;32m  OK  [0m] Started Wait until snapd is fully seeded.
         Starting Apply the settings specified in cloud-config...
[[0;32m  OK  [0m] Started Clean php session files.
[[0;32m  OK  [0m] Started MySQL Community Server.
[   14.337504] cloud-init[1344]: Cloud-init v. 18.3-9-g2e62cb8a-0ubuntu1~16.04.2 running 'modules:config' at Fri, 21 Sep 2018 16:13:53 +0000. Up 14.13 seconds.
[[0;32m  OK  [0m] Started LSB: Apache2 web server.
[[0;32m  OK  [0m] Reached target Multi-User System.
[[0;32m  OK  [0m] Reached target Graphical Interface.
         Starting Update UTMP about System Runlevel Changes...
[[0;32m  OK  [0m] Started Update UTMP about System Runlevel Changes.
[[0;32m  OK  [0m] Started Apply the settings specified in cloud-config.
         Starting Execute cloud user/final scripts...
[[0;32m  OK  [0m] Created slice User Slice of vagrant.
         Starting User Manager for UID 1000...
[[0;32m  OK  [0m] Started Session 1 of user vagrant.
[[0;32m  OK  [0m] Started User Manager for UID 1000.
[   15.689710] cloud-init[1425]: Cloud-init v. 18.3-9-g2e62cb8a-0ubuntu1~16.04.2 running 'modules:final' at Fri, 21 Sep 2018 16:13:54 +0000. Up 15.32 seconds.
[   15.714523] cloud-init[1425]: Cloud-init v. 18.3-9-g2e62cb8a-0ubuntu1~16.04.2 finished at Fri, 21 Sep 2018 16:13:54 +0000. Datasource DataSourceNoCloud [seed=/dev/sdb][dsmode=net].  Up 15.66 seconds
[[0;32m  OK  [0m] Started Execute cloud user/final scripts.
[[0;32m  OK  [0m] Reached target Cloud-init target.
         Starting Daily apt download activities...

Ubuntu 16.04.5 LTS xsolla-summer-school-2018 ttyS0

xsolla-summer-school-2018 login:          Stopping User Manager for UID 1000...
[[0;32m  OK  [0m] Stopped target Graphical Interface.
         Stopping ACPI event daemon...
[[0;32m  OK  [0m] Closed Load/Save RF Kill Switch Status /dev/rfkill Watch.
[[0;32m  OK  [0m] Stopped target Cloud-init target.
[[0;32m  OK  [0m] Stopped Execute cloud user/final scripts.
[[0;32m  OK  [0m] Stopped target Multi-User System.
         Stopping LSB: automatic crash report generation...
         Stopping LSB: Apache2 web server...
         Stopping LSB: Record successful boot for GRUB...
         Stopping D-Bus System Message Bus...
         Stopping LSB: daemon to balance interrupts for SMP systems...
         Stopping MySQL Community Server...
         Stopping FUSE filesystem for LXC...
         Stopping LSB: Set the CPU Frequency Scaling governor to "ondemand"...
         Stopping System Logging Service...
[[0;32m  OK  [0m] Stopped Apply the settings specified in cloud-config.
[[0;32m  OK  [0m] Stopped Wait until snapd is fully seeded.
[[0;32m  OK  [0m] Stopped target Cloud-config availability.
         Stopping Session 12 of user vagrant.
         Stopn[[0;32m  OK  [0m] Stopped Daily apt upgrade and clean activities.
[[0;32m  OK  [0m] Stopped Daily apt download activities.
[[0;32m  OK  [0m] Stopped target System Time Synchronized.
[[0;32m  OK  [0m] Stopped Daily Cleanup of Temporary Directories.
         Stopping Snappy daemon...
         Stopping Session 23 of user vagrant.
[[0;32m  OK  [0m] Unmounted /var/lib/lxcfs.
[[0;32m  OK  [0m] Stopped Deferred execution scheduler.
[[0;32m  OK  [0m] Stopped System Logging Service.
[[0;32m  OK  [0m] Stopped Accounts Service.
[[0;32m  OK  [0m] Stopped OpenBSD Secure Shell server.
[[0;32m  OK  [0m] Stopped ACPI event daemon.
[[0;32m  OK  [0m] Stopped Regular background program processing daemon.
[[0;32m  OK  [0m] Stopped Snappy daemon.
[[0;32m  OK  [0m] Stopped Authenticate and Authorize Users to Run Privileged Tasks.
[[0;32m  OK  [0m] Stopped Getty on tty1.
[[0;32m  OK  [0m] Stopped Serial Getty on ttyS0.
[[0;32m  OK  [0m] Stopped User Manager for UID 1000.
[[0;32m  OK  [0m] Stopped D-Bus System Message Bus.
[[0;32m  OK  [0m] Stopped Session 12 of user vagrant.
[[0;32m  OK  [0m] Stopped Unattended Upgrades Shutdown.
[[0;32m  OK  [0m] Stopped FUSE filesystem for LXC.
[[0;32m  OK  [0m] Stopped LSB: Record successful boot for GRUB.
[[0;32m  OK  [0m] Stopped LSB: daemon to balance interrupts for SMP systems.
[[0;32m  OK  [0m] Stopped LSB: Set the CPU Frequency Scaling governor to "ondemand".
[[0;32m  OK  [0m] Stopped LSB: automatic crash report generation.
[[0;32m  OK  [0m] Stopped LXD - container startup/shutdown.
[[0;32m  OK  [0m] Stopped LSB: MD monitoring daemon.
[[0;32m  OK  [0m] Stopped Virtualbox guest utils.
[[0;32m  OK  [0m] Removed slice system-serial\x2dgetty.slice.
[[0;32m  OK  [0m] Removed slice system-getty.slice.
[[0;32m  OK  [0m] Stopped /etc/rc.local Compatibility.
[[0;32m  OK  [0m] Stopped Session 23 of user vagrant.
[[0;32m  OK  [0m] Removed slice User Slice of vagrant.
         Stopping Permit User Sessions...
         Stopping Login Service...
[[0;32m  OK  [0m] Stopped Permit User Sessions.
[[0;32m  OK  [0m] Stopped Login Service.
[[0;32m  OK  [0m] Stopped target User and Group Name Lookups.
[[0;32m  OK  [0m] Stopped LSB: Apache2 web server.
[[0;32m  OK  [0m] Stopped target Remote File Systems.
[[0;32m  OK  [0m] Stopped target Remote File Systems (Pre).
         Stopping Login to default iSCSI targets...
[[0;32m  OK  [0m] Stopped Login to default iSCSI targets.
         Stopping iSCSI initiator daemon (iscsid)...
[[0;32m  OK  [0m] Stopped iSCSI initiator daemon (iscsid).
[[0;32m  OK  [0m] Stopped target Network is Online.
[[0;32m  OK  [0m] Stopped MySQL Community Server.
[[0;32m  OK  [0m] Stopped target Basic System.
[[0;32m  OK  [0m] Stopped target Slices.
[[0;32m  OK  [0m] Removed slice User and Session Slice.
[[0;32m  OK  [0m] Stopped target Sockets.
[[0;32m  OK  [0m] Closed Socket activation for snappy daemon.
[[0;32m  OK  [0m] Closed D-Bus System Message Bus Socket.
[[0;32m  OK  [0m] Closed ACPID Listen Socket.
[[0;32m  OK  [0m] Closed UUID daemon activation socket.
[[0;32m  OK  [0m] Closed LXD - unix socket.
[[0;32m  OK  [0m] Closed Syslog Socket.
[[0;32m  OK  [0m] Stopped target Paths.
[[0;32m  OK  [0m] Stopped Dispatch Password Requests to Console Directory Watch.
[[0;32m  OK  [0m] Stopped ACPI Events Check.
[[0;32m  OK  [0m] Stopped Forward Password Requests to Wall Directory Watch.
[[0;32m  OK  [0m] Stopped target System Initialization.
[[0;32m  OK  [0m] Stopped target Swap.
         Stopping Update UTMP about System Boot/Shutdown...
[[0;32m  OK  [0m] Stopped target Encrypted Volumes.
[[0;32m  OK  [0m] Stopped Initial cloud-init job (metadata service crawler).
         Stopping Load/Save Random Seed...
[[0;32m  OK  [0m] Stopped target Network.
         Stopping Raise network interfaces...
[[0;32m  OK  [0m] Stopped Load/Save Random Seed.
[[0;32m  OK  [0m] Stopped Update UTMP about System Boot/Shutdown.
[[0;32m  OK  [0m] Stopped Create Volatile Files and Directories.
[[0;32m  OK  [0m] Stopped Raise network interfaces.
[[0;32m  OK  [0m] Stopped target Network (Pre).
[[0;32m  OK  [0m] Stopped Initial cloud-init job (pre-networking).
[[0;32m  OK  [0m] Stopped Apply Kernel Variables.
[[0;32m  OK  [0m] Stopped Load Kernel Modules.
[[0;32m  OK  [0m] Stopped target Local File Systems.
         Unmounting /home/xsolla...
         Unmounting /run/user/1000...
[[0;32m  OK  [0m] Unmounted /home/xsolla.
[[0;32m  OK  [0m] Unmounted /run/user/1000.
[[0;32m  OK  [0m] Reached target Unmount All Filesystems.
[[0;32m  OK  [0m] Stopped target Local File Systems (Pre).
[[0;32m  OK  [0m] Stopped Create Static Device Nodes in /dev.
         Stopping Monitoring of LVM2 mirrors... dmeventd or progress polling...
[[0;32m  OK  [0m] Stopped Remount Root and Kernel File Systems.
[[0;32m  OK  [0m] Reached target Shutdown.
[24664.482145] reboot: Power down
